# JRE version: Java(TM) SE Runtime Environment (16.0+36) (build 16+36-2231)
# Java VM: Java HotSpot(TM) 64-Bit Server VM (16+36-2231, mixed mode, sharing, tiered, compressed oops, g1 gc, windows-amd64)
GC Precious Log:
 CPUs: 8 total, 8 available
 Memory: 8075M
 Large Page Support: Disabled
 NUMA Support: Disabled
 Compressed Oops: Enabled (32-bit)
 Heap Region Size: 1M
 Heap Min Capacity: 8M
 Heap Initial Capacity: 128M
 Heap Max Capacity: 2020M
 Pre-touch: Disabled
 Parallel Workers: 8
 Concurrent Workers: 2
 Concurrent Refinement Workers: 8
 Periodic GC: Disabled
Heap:
 garbage-first heap   total 437248K, used 165019K [0x0000000081c00000, 0x0000000100000000)
  region size 1024K, 16 young (16384K), 1 survivors (1024K)
 Metaspace       used 13608K, committed 13760K, reserved 1064960K
  class space    used 1476K, committed 1536K, reserved 1048576K
GC Heap History (20 events):
Event: 4.417 GC heap before
{Heap before GC invocations=8 (full 0):
 garbage-first heap   total 205824K, used 94300K [0x0000000081c00000, 0x0000000100000000)
  region size 1024K, 8 young (8192K), 1 survivors (1024K)
 Metaspace       used 12975K, committed 13184K, reserved 1064960K
  class space    used 1476K, committed 1536K, reserved 1048576K
}
Event: 4.419 GC heap after
{Heap after GC invocations=9 (full 0):
 garbage-first heap   total 205824K, used 79971K [0x0000000081c00000, 0x0000000100000000)
  region size 1024K, 1 young (1024K), 1 survivors (1024K)
 Metaspace       used 12975K, committed 13184K, reserved 1064960K
  class space    used 1476K, committed 1536K, reserved 1048576K
}
Event: 4.425 GC heap before
{Heap before GC invocations=9 (full 0):
 garbage-first heap   total 205824K, used 90211K [0x0000000081c00000, 0x0000000100000000)
  region size 1024K, 2 young (2048K), 1 survivors (1024K)
 Metaspace       used 12977K, committed 13184K, reserved 1064960K
  class space    used 1476K, committed 1536K, reserved 1048576K
}
Event: 4.426 GC heap after
{Heap after GC invocations=10 (full 0):
 garbage-first heap   total 205824K, used 32869K [0x0000000081c00000, 0x0000000100000000)
  region size 1024K, 1 young (1024K), 1 survivors (1024K)
 Metaspace       used 12977K, committed 13184K, reserved 1064960K
  class space    used 1476K, committed 1536K, reserved 1048576K
}
Event: 4.964 GC heap before
{Heap before GC invocations=10 (full 0):
 garbage-first heap   total 205824K, used 96357K [0x0000000081c00000, 0x0000000100000000)
  region size 1024K, 10 young (10240K), 1 survivors (1024K)
 Metaspace       used 13101K, committed 13248K, reserved 1064960K
  class space    used 1476K, committed 1536K, reserved 1048576K
}
Event: 4.966 GC heap after
{Heap after GC invocations=11 (full 0):
 garbage-first heap   total 205824K, used 84082K [0x0000000081c00000, 0x0000000100000000)
  region size 1024K, 1 young (1024K), 1 survivors (1024K)
 Metaspace       used 13101K, committed 13248K, reserved 1064960K
  class space    used 1476K, committed 1536K, reserved 1048576K
}
Event: 4.968 GC heap before
{Heap before GC invocations=11 (full 0):
 garbage-first heap   total 205824K, used 89202K [0x0000000081c00000, 0x0000000100000000)
  region size 1024K, 2 young (2048K), 1 survivors (1024K)
 Metaspace       used 13103K, committed 13248K, reserved 1064960K
  class space    used 1476K, committed 1536K, reserved 1048576K
}
Event: 4.969 GC heap after
{Heap after GC invocations=12 (full 0):
 garbage-first heap   total 205824K, used 67702K [0x0000000081c00000, 0x0000000100000000)
  region size 1024K, 1 young (1024K), 1 survivors (1024K)
 Metaspace       used 13103K, committed 13248K, reserved 1064960K
  class space    used 1476K, committed 1536K, reserved 1048576K
}
Event: 5.064 GC heap before
{Heap before GC invocations=12 (full 0):
 garbage-first heap   total 205824K, used 95350K [0x0000000081c00000, 0x0000000100000000)
  region size 1024K, 7 young (7168K), 1 survivors (1024K)
 Metaspace       used 13173K, committed 13312K, reserved 1064960K
  class space    used 1476K, committed 1536K, reserved 1048576K
}
Event: 5.065 GC heap after
{Heap after GC invocations=13 (full 0):
 garbage-first heap   total 205824K, used 50285K [0x0000000081c00000, 0x0000000100000000)
  region size 1024K, 1 young (1024K), 1 survivors (1024K)
 Metaspace       used 13173K, committed 13312K, reserved 1064960K
  class space    used 1476K, committed 1536K, reserved 1048576K
}
Event: 5.171 GC heap before
{Heap before GC invocations=13 (full 0):
 garbage-first heap   total 205824K, used 97389K [0x0000000081c00000, 0x0000000100000000)
  region size 1024K, 8 young (8192K), 1 survivors (1024K)
 Metaspace       used 13263K, committed 13440K, reserved 1064960K
  class space    used 1476K, committed 1536K, reserved 1048576K
}
Event: 5.172 GC heap after
{Heap after GC invocations=14 (full 0):
 garbage-first heap   total 205824K, used 64632K [0x0000000081c00000, 0x0000000100000000)
  region size 1024K, 1 young (1024K), 1 survivors (1024K)
 Metaspace       used 13263K, committed 13440K, reserved 1064960K
  class space    used 1476K, committed 1536K, reserved 1048576K
}
Event: 5.242 GC heap before
{Heap before GC invocations=14 (full 0):
 garbage-first heap   total 205824K, used 96376K [0x0000000081c00000, 0x0000000100000000)
  region size 1024K, 7 young (7168K), 1 survivors (1024K)
 Metaspace       used 13284K, committed 13440K, reserved 1064960K
  class space    used 1476K, committed 1536K, reserved 1048576K
}
Event: 5.243 GC heap after
{Heap after GC invocations=15 (full 0):
 garbage-first heap   total 205824K, used 55410K [0x0000000081c00000, 0x0000000100000000)
  region size 1024K, 1 young (1024K), 1 survivors (1024K)
 Metaspace       used 13284K, committed 13440K, reserved 1064960K
  class space    used 1476K, committed 1536K, reserved 1048576K
}
Event: 5.860 GC heap before
{Heap before GC invocations=15 (full 0):
 garbage-first heap   total 205824K, used 97394K [0x0000000081c00000, 0x0000000100000000)
  region size 1024K, 8 young (8192K), 1 survivors (1024K)
 Metaspace       used 13396K, committed 13568K, reserved 1064960K
  class space    used 1476K, committed 1536K, reserved 1048576K
}
Event: 5.864 GC heap after
{Heap after GC invocations=16 (full 0):
 garbage-first heap   total 437248K, used 64628K [0x0000000081c00000, 0x0000000100000000)
  region size 1024K, 1 young (1024K), 1 survivors (1024K)
 Metaspace       used 13396K, committed 13568K, reserved 1064960K
  class space    used 1476K, committed 1536K, reserved 1048576K
}
Event: 6.463 GC heap before
{Heap before GC invocations=16 (full 0):
 garbage-first heap   total 437248K, used 214132K [0x0000000081c00000, 0x0000000100000000)
  region size 1024K, 22 young (22528K), 1 survivors (1024K)
 Metaspace       used 13491K, committed 13632K, reserved 1064960K
  class space    used 1476K, committed 1536K, reserved 1048576K
}
Event: 6.465 GC heap after
{Heap after GC invocations=17 (full 0):
 garbage-first heap   total 437248K, used 157844K [0x0000000081c00000, 0x0000000100000000)
  region size 1024K, 1 young (1024K), 1 survivors (1024K)
 Metaspace       used 13491K, committed 13632K, reserved 1064960K
  class space    used 1476K, committed 1536K, reserved 1048576K
}
Event: 6.598 GC heap before
{Heap before GC invocations=17 (full 0):
 garbage-first heap   total 437248K, used 199828K [0x0000000081c00000, 0x0000000100000000)
  region size 1024K, 8 young (8192K), 1 survivors (1024K)
 Metaspace       used 13513K, committed 13632K, reserved 1064960K
  class space    used 1476K, committed 1536K, reserved 1048576K
}
Event: 6.601 GC heap after
{Heap after GC invocations=18 (full 0):
 garbage-first heap   total 437248K, used 64667K [0x0000000081c00000, 0x0000000100000000)
  region size 1024K, 1 young (1024K), 1 survivors (1024K)
 Metaspace       used 13513K, committed 13632K, reserved 1064960K
  class space    used 1476K, committed 1536K, reserved 1048576K
}

