# JRE version: Java(TM) SE Runtime Environment (16.0+36) (build 16+36-2231)
# Java VM: Java HotSpot(TM) 64-Bit Server VM (16+36-2231, mixed mode, sharing, tiered, compressed oops, g1 gc, windows-amd64)
GC Precious Log:
 CPUs: 8 total, 8 available
 Memory: 8075M
 Large Page Support: Disabled
 NUMA Support: Disabled
 Compressed Oops: Enabled (32-bit)
 Heap Region Size: 1M
 Heap Min Capacity: 8M
 Heap Initial Capacity: 128M
 Heap Max Capacity: 2020M
 Pre-touch: Disabled
 Parallel Workers: 8
 Concurrent Workers: 2
 Concurrent Refinement Workers: 8
 Periodic GC: Disabled
Heap:
 garbage-first heap   total 131072K, used 58497K [0x0000000081c00000, 0x0000000100000000)
  region size 1024K, 1 young (1024K), 1 survivors (1024K)
 Metaspace       used 12829K, committed 12992K, reserved 1064960K
  class space    used 1469K, committed 1536K, reserved 1048576K
GC Heap History (15 events):
Event: 0.811 GC heap before
{Heap before GC invocations=0 (full 0):
 garbage-first heap   total 131072K, used 36864K [0x0000000081c00000, 0x0000000100000000)
  region size 1024K, 23 young (23552K), 0 survivors (0K)
 Metaspace       used 11618K, committed 11776K, reserved 1064960K
  class space    used 1388K, committed 1472K, reserved 1048576K
}
Event: 0.817 GC heap after
{Heap after GC invocations=1 (full 0):
 garbage-first heap   total 131072K, used 17118K [0x0000000081c00000, 0x0000000100000000)
  region size 1024K, 3 young (3072K), 3 survivors (3072K)
 Metaspace       used 11618K, committed 11776K, reserved 1064960K
  class space    used 1388K, committed 1472K, reserved 1048576K
}
Event: 3.398 GC heap before
{Heap before GC invocations=1 (full 0):
 garbage-first heap   total 131072K, used 65246K [0x0000000081c00000, 0x0000000100000000)
  region size 1024K, 12 young (12288K), 3 survivors (3072K)
 Metaspace       used 12645K, committed 12800K, reserved 1064960K
  class space    used 1469K, committed 1536K, reserved 1048576K
}
Event: 3.401 GC heap after
{Heap after GC invocations=2 (full 0):
 garbage-first heap   total 131072K, used 58868K [0x0000000081c00000, 0x0000000100000000)
  region size 1024K, 1 young (1024K), 1 survivors (1024K)
 Metaspace       used 12645K, committed 12800K, reserved 1064960K
  class space    used 1469K, committed 1536K, reserved 1048576K
}
Event: 3.406 GC heap before
{Heap before GC invocations=2 (full 0):
 garbage-first heap   total 131072K, used 63988K [0x0000000081c00000, 0x0000000100000000)
  region size 1024K, 2 young (2048K), 1 survivors (1024K)
 Metaspace       used 12646K, committed 12800K, reserved 1064960K
  class space    used 1469K, committed 1536K, reserved 1048576K
}
Event: 3.407 GC heap after
{Heap after GC invocations=3 (full 0):
 garbage-first heap   total 131072K, used 26736K [0x0000000081c00000, 0x0000000100000000)
  region size 1024K, 1 young (1024K), 1 survivors (1024K)
 Metaspace       used 12646K, committed 12800K, reserved 1064960K
  class space    used 1469K, committed 1536K, reserved 1048576K
}
Event: 4.672 GC heap before
{Heap before GC invocations=3 (full 0):
 garbage-first heap   total 131072K, used 59504K [0x0000000081c00000, 0x0000000100000000)
  region size 1024K, 3 young (3072K), 1 survivors (1024K)
 Metaspace       used 12774K, committed 12928K, reserved 1064960K
  class space    used 1469K, committed 1536K, reserved 1048576K
}
Event: 4.673 GC heap after
{Heap after GC invocations=4 (full 0):
 garbage-first heap   total 131072K, used 58466K [0x0000000081c00000, 0x0000000100000000)
  region size 1024K, 1 young (1024K), 1 survivors (1024K)
 Metaspace       used 12774K, committed 12928K, reserved 1064960K
  class space    used 1469K, committed 1536K, reserved 1048576K
}
Event: 4.675 GC heap before
{Heap before GC invocations=4 (full 0):
 garbage-first heap   total 131072K, used 63586K [0x0000000081c00000, 0x0000000100000000)
  region size 1024K, 2 young (2048K), 1 survivors (1024K)
 Metaspace       used 12774K, committed 12928K, reserved 1064960K
  class space    used 1469K, committed 1536K, reserved 1048576K
}
Event: 4.676 GC heap after
{Heap after GC invocations=5 (full 0):
 garbage-first heap   total 131072K, used 26678K [0x0000000081c00000, 0x0000000100000000)
  region size 1024K, 1 young (1024K), 1 survivors (1024K)
 Metaspace       used 12774K, committed 12928K, reserved 1064960K
  class space    used 1469K, committed 1536K, reserved 1048576K
}
Event: 4.714 GC heap before
{Heap before GC invocations=5 (full 0):
 garbage-first heap   total 131072K, used 58422K [0x0000000081c00000, 0x0000000100000000)
  region size 1024K, 2 young (2048K), 1 survivors (1024K)
 Metaspace       used 12787K, committed 12928K, reserved 1064960K
  class space    used 1469K, committed 1536K, reserved 1048576K
}
Event: 4.716 GC heap after
{Heap after GC invocations=6 (full 0):
 garbage-first heap   total 131072K, used 58446K [0x0000000081c00000, 0x0000000100000000)
  region size 1024K, 1 young (1024K), 1 survivors (1024K)
 Metaspace       used 12787K, committed 12928K, reserved 1064960K
  class space    used 1469K, committed 1536K, reserved 1048576K
}
Event: 4.717 GC heap before
{Heap before GC invocations=6 (full 0):
 garbage-first heap   total 131072K, used 63566K [0x0000000081c00000, 0x0000000100000000)
  region size 1024K, 2 young (2048K), 1 survivors (1024K)
 Metaspace       used 12789K, committed 12928K, reserved 1064960K
  class space    used 1469K, committed 1536K, reserved 1048576K
}
Event: 4.718 GC heap after
{Heap after GC invocations=7 (full 0):
 garbage-first heap   total 131072K, used 26683K [0x0000000081c00000, 0x0000000100000000)
  region size 1024K, 1 young (1024K), 1 survivors (1024K)
 Metaspace       used 12789K, committed 12928K, reserved 1064960K
  class space    used 1469K, committed 1536K, reserved 1048576K
}
Event: 4.944 GC heap before
{Heap before GC invocations=7 (full 0):
 garbage-first heap   total 131072K, used 59451K [0x0000000081c00000, 0x0000000100000000)
  region size 1024K, 3 young (3072K), 1 survivors (1024K)
 Metaspace       used 12829K, committed 12992K, reserved 1064960K
  class space    used 1469K, committed 1536K, reserved 1048576K
}

