# JRE version: Java(TM) SE Runtime Environment (16.0+36) (build 16+36-2231)
# Java VM: Java HotSpot(TM) 64-Bit Server VM (16+36-2231, mixed mode, sharing, tiered, compressed oops, g1 gc, windows-amd64)
GC Precious Log:
 CPUs: 8 total, 8 available
 Memory: 8075M
 Large Page Support: Disabled
 NUMA Support: Disabled
 Compressed Oops: Enabled (32-bit)
 Heap Region Size: 1M
 Heap Min Capacity: 8M
 Heap Initial Capacity: 128M
 Heap Max Capacity: 2020M
 Pre-touch: Disabled
 Parallel Workers: 8
 Concurrent Workers: 2
 Concurrent Refinement Workers: 8
 Periodic GC: Disabled
Heap:
 garbage-first heap   total 131072K, used 58658K [0x0000000081c00000, 0x0000000100000000)
  region size 1024K, 1 young (1024K), 1 survivors (1024K)
 Metaspace       used 12696K, committed 12928K, reserved 1064960K
  class space    used 1477K, committed 1600K, reserved 1048576K
GC Heap History (19 events):
Event: 0.793 GC heap before
{Heap before GC invocations=0 (full 0):
 garbage-first heap   total 131072K, used 35840K [0x0000000081c00000, 0x0000000100000000)
  region size 1024K, 23 young (23552K), 0 survivors (0K)
 Metaspace       used 11683K, committed 11968K, reserved 1064960K
  class space    used 1396K, committed 1536K, reserved 1048576K
}
Event: 0.799 GC heap after
{Heap after GC invocations=1 (full 0):
 garbage-first heap   total 131072K, used 17342K [0x0000000081c00000, 0x0000000100000000)
  region size 1024K, 3 young (3072K), 3 survivors (3072K)
 Metaspace       used 11683K, committed 11968K, reserved 1064960K
  class space    used 1396K, committed 1536K, reserved 1048576K
}
Event: 1.488 GC heap before
{Heap before GC invocations=1 (full 0):
 garbage-first heap   total 131072K, used 61374K [0x0000000081c00000, 0x0000000100000000)
  region size 1024K, 8 young (8192K), 3 survivors (3072K)
 Metaspace       used 12579K, committed 12800K, reserved 1064960K
  class space    used 1477K, committed 1600K, reserved 1048576K
}
Event: 1.491 GC heap after
{Heap after GC invocations=2 (full 0):
 garbage-first heap   total 131072K, used 59029K [0x0000000081c00000, 0x0000000100000000)
  region size 1024K, 1 young (1024K), 1 survivors (1024K)
 Metaspace       used 12579K, committed 12800K, reserved 1064960K
  class space    used 1477K, committed 1600K, reserved 1048576K
}
Event: 1.496 GC heap before
{Heap before GC invocations=2 (full 0):
 garbage-first heap   total 131072K, used 64149K [0x0000000081c00000, 0x0000000100000000)
  region size 1024K, 2 young (2048K), 1 survivors (1024K)
 Metaspace       used 12580K, committed 12800K, reserved 1064960K
  class space    used 1477K, committed 1600K, reserved 1048576K
}
Event: 1.497 GC heap after
{Heap after GC invocations=3 (full 0):
 garbage-first heap   total 131072K, used 26944K [0x0000000081c00000, 0x0000000100000000)
  region size 1024K, 1 young (1024K), 1 survivors (1024K)
 Metaspace       used 12580K, committed 12800K, reserved 1064960K
  class space    used 1477K, committed 1600K, reserved 1048576K
}
Event: 2.297 GC heap before
{Heap before GC invocations=3 (full 0):
 garbage-first heap   total 131072K, used 58688K [0x0000000081c00000, 0x0000000100000000)
  region size 1024K, 2 young (2048K), 1 survivors (1024K)
 Metaspace       used 12626K, committed 12864K, reserved 1064960K
  class space    used 1477K, committed 1600K, reserved 1048576K
}
Event: 2.298 GC heap after
{Heap after GC invocations=4 (full 0):
 garbage-first heap   total 131072K, used 58662K [0x0000000081c00000, 0x0000000100000000)
  region size 1024K, 1 young (1024K), 1 survivors (1024K)
 Metaspace       used 12626K, committed 12864K, reserved 1064960K
  class space    used 1477K, committed 1600K, reserved 1048576K
}
Event: 2.301 GC heap before
{Heap before GC invocations=4 (full 0):
 garbage-first heap   total 131072K, used 63782K [0x0000000081c00000, 0x0000000100000000)
  region size 1024K, 2 young (2048K), 1 survivors (1024K)
 Metaspace       used 12626K, committed 12864K, reserved 1064960K
  class space    used 1477K, committed 1600K, reserved 1048576K
}
Event: 2.302 GC heap after
{Heap after GC invocations=5 (full 0):
 garbage-first heap   total 131072K, used 26938K [0x0000000081c00000, 0x0000000100000000)
  region size 1024K, 1 young (1024K), 1 survivors (1024K)
 Metaspace       used 12626K, committed 12864K, reserved 1064960K
  class space    used 1477K, committed 1600K, reserved 1048576K
}
Event: 2.649 GC heap before
{Heap before GC invocations=5 (full 0):
 garbage-first heap   total 131072K, used 59706K [0x0000000081c00000, 0x0000000100000000)
  region size 1024K, 3 young (3072K), 1 survivors (1024K)
 Metaspace       used 12653K, committed 12864K, reserved 1064960K
  class space    used 1477K, committed 1600K, reserved 1048576K
}
Event: 2.651 GC heap after
{Heap after GC invocations=6 (full 0):
 garbage-first heap   total 131072K, used 58665K [0x0000000081c00000, 0x0000000100000000)
  region size 1024K, 1 young (1024K), 1 survivors (1024K)
 Metaspace       used 12653K, committed 12864K, reserved 1064960K
  class space    used 1477K, committed 1600K, reserved 1048576K
}
Event: 2.652 GC heap before
{Heap before GC invocations=6 (full 0):
 garbage-first heap   total 131072K, used 63785K [0x0000000081c00000, 0x0000000100000000)
  region size 1024K, 2 young (2048K), 1 survivors (1024K)
 Metaspace       used 12654K, committed 12864K, reserved 1064960K
  class space    used 1477K, committed 1600K, reserved 1048576K
}
Event: 2.653 GC heap after
{Heap after GC invocations=7 (full 0):
 garbage-first heap   total 131072K, used 26916K [0x0000000081c00000, 0x0000000100000000)
  region size 1024K, 1 young (1024K), 1 survivors (1024K)
 Metaspace       used 12654K, committed 12864K, reserved 1064960K
  class space    used 1477K, committed 1600K, reserved 1048576K
}
Event: 3.562 GC heap before
{Heap before GC invocations=7 (full 0):
 garbage-first heap   total 131072K, used 59684K [0x0000000081c00000, 0x0000000100000000)
  region size 1024K, 3 young (3072K), 1 survivors (1024K)
 Metaspace       used 12684K, committed 12928K, reserved 1064960K
  class space    used 1477K, committed 1600K, reserved 1048576K
}
Event: 3.563 GC heap after
{Heap after GC invocations=8 (full 0):
 garbage-first heap   total 131072K, used 58674K [0x0000000081c00000, 0x0000000100000000)
  region size 1024K, 1 young (1024K), 1 survivors (1024K)
 Metaspace       used 12684K, committed 12928K, reserved 1064960K
  class space    used 1477K, committed 1600K, reserved 1048576K
}
Event: 3.564 GC heap before
{Heap before GC invocations=8 (full 0):
 garbage-first heap   total 131072K, used 63794K [0x0000000081c00000, 0x0000000100000000)
  region size 1024K, 2 young (2048K), 1 survivors (1024K)
 Metaspace       used 12684K, committed 12928K, reserved 1064960K
  class space    used 1477K, committed 1600K, reserved 1048576K
}
Event: 3.565 GC heap after
{Heap after GC invocations=9 (full 0):
 garbage-first heap   total 131072K, used 26931K [0x0000000081c00000, 0x0000000100000000)
  region size 1024K, 1 young (1024K), 1 survivors (1024K)
 Metaspace       used 12684K, committed 12928K, reserved 1064960K
  class space    used 1477K, committed 1600K, reserved 1048576K
}
Event: 3.619 GC heap before
{Heap before GC invocations=9 (full 0):
 garbage-first heap   total 131072K, used 58675K [0x0000000081c00000, 0x0000000100000000)
  region size 1024K, 2 young (2048K), 1 survivors (1024K)
 Metaspace       used 12696K, committed 12928K, reserved 1064960K
  class space    used 1477K, committed 1600K, reserved 1048576K
}

