# JRE version: Java(TM) SE Runtime Environment (16.0+36) (build 16+36-2231)
# Java VM: Java HotSpot(TM) 64-Bit Server VM (16+36-2231, mixed mode, sharing, tiered, compressed oops, g1 gc, windows-amd64)
GC Precious Log:
 CPUs: 8 total, 8 available
 Memory: 8075M
 Large Page Support: Disabled
 NUMA Support: Disabled
 Compressed Oops: Enabled (32-bit)
 Heap Region Size: 1M
 Heap Min Capacity: 8M
 Heap Initial Capacity: 128M
 Heap Max Capacity: 2020M
 Pre-touch: Disabled
 Parallel Workers: 8
 Concurrent Workers: 2
 Concurrent Refinement Workers: 8
 Periodic GC: Disabled
Heap:
 garbage-first heap   total 131072K, used 26886K [0x0000000081c00000, 0x0000000100000000)
  region size 1024K, 1 young (1024K), 1 survivors (1024K)
 Metaspace       used 12648K, committed 12864K, reserved 1064960K
  class space    used 1477K, committed 1600K, reserved 1048576K
GC Heap History (17 events):
Event: 0.837 GC heap before
{Heap before GC invocations=0 (full 0):
 garbage-first heap   total 131072K, used 35840K [0x0000000081c00000, 0x0000000100000000)
  region size 1024K, 23 young (23552K), 0 survivors (0K)
 Metaspace       used 11677K, committed 11968K, reserved 1064960K
  class space    used 1396K, committed 1536K, reserved 1048576K
}
Event: 0.843 GC heap after
{Heap after GC invocations=1 (full 0):
 garbage-first heap   total 131072K, used 17297K [0x0000000081c00000, 0x0000000100000000)
  region size 1024K, 3 young (3072K), 3 survivors (3072K)
 Metaspace       used 11677K, committed 11968K, reserved 1064960K
  class space    used 1396K, committed 1536K, reserved 1048576K
}
Event: 1.708 GC heap before
{Heap before GC invocations=1 (full 0):
 garbage-first heap   total 131072K, used 61329K [0x0000000081c00000, 0x0000000100000000)
  region size 1024K, 8 young (8192K), 3 survivors (3072K)
 Metaspace       used 12580K, committed 12800K, reserved 1064960K
  class space    used 1477K, committed 1600K, reserved 1048576K
}
Event: 1.711 GC heap after
{Heap after GC invocations=2 (full 0):
 garbage-first heap   total 131072K, used 58990K [0x0000000081c00000, 0x0000000100000000)
  region size 1024K, 1 young (1024K), 1 survivors (1024K)
 Metaspace       used 12580K, committed 12800K, reserved 1064960K
  class space    used 1477K, committed 1600K, reserved 1048576K
}
Event: 1.715 GC heap before
{Heap before GC invocations=2 (full 0):
 garbage-first heap   total 131072K, used 64110K [0x0000000081c00000, 0x0000000100000000)
  region size 1024K, 2 young (2048K), 1 survivors (1024K)
 Metaspace       used 12581K, committed 12800K, reserved 1064960K
  class space    used 1477K, committed 1600K, reserved 1048576K
}
Event: 1.716 GC heap after
{Heap after GC invocations=3 (full 0):
 garbage-first heap   total 131072K, used 26911K [0x0000000081c00000, 0x0000000100000000)
  region size 1024K, 1 young (1024K), 1 survivors (1024K)
 Metaspace       used 12581K, committed 12800K, reserved 1064960K
  class space    used 1477K, committed 1600K, reserved 1048576K
}
Event: 2.026 GC heap before
{Heap before GC invocations=3 (full 0):
 garbage-first heap   total 131072K, used 58655K [0x0000000081c00000, 0x0000000100000000)
  region size 1024K, 2 young (2048K), 1 survivors (1024K)
 Metaspace       used 12604K, committed 12800K, reserved 1064960K
  class space    used 1477K, committed 1600K, reserved 1048576K
}
Event: 2.028 GC heap after
{Heap after GC invocations=4 (full 0):
 garbage-first heap   total 131072K, used 58647K [0x0000000081c00000, 0x0000000100000000)
  region size 1024K, 1 young (1024K), 1 survivors (1024K)
 Metaspace       used 12604K, committed 12800K, reserved 1064960K
  class space    used 1477K, committed 1600K, reserved 1048576K
}
Event: 2.030 GC heap before
{Heap before GC invocations=4 (full 0):
 garbage-first heap   total 131072K, used 63767K [0x0000000081c00000, 0x0000000100000000)
  region size 1024K, 2 young (2048K), 1 survivors (1024K)
 Metaspace       used 12605K, committed 12800K, reserved 1064960K
  class space    used 1477K, committed 1600K, reserved 1048576K
}
Event: 2.031 GC heap after
{Heap after GC invocations=5 (full 0):
 garbage-first heap   total 131072K, used 26887K [0x0000000081c00000, 0x0000000100000000)
  region size 1024K, 1 young (1024K), 1 survivors (1024K)
 Metaspace       used 12605K, committed 12800K, reserved 1064960K
  class space    used 1477K, committed 1600K, reserved 1048576K
}
Event: 2.279 GC heap before
{Heap before GC invocations=5 (full 0):
 garbage-first heap   total 131072K, used 59655K [0x0000000081c00000, 0x0000000100000000)
  region size 1024K, 3 young (3072K), 1 survivors (1024K)
 Metaspace       used 12639K, committed 12864K, reserved 1064960K
  class space    used 1477K, committed 1600K, reserved 1048576K
}
Event: 2.280 GC heap after
{Heap after GC invocations=6 (full 0):
 garbage-first heap   total 131072K, used 58624K [0x0000000081c00000, 0x0000000100000000)
  region size 1024K, 1 young (1024K), 1 survivors (1024K)
 Metaspace       used 12639K, committed 12864K, reserved 1064960K
  class space    used 1477K, committed 1600K, reserved 1048576K
}
Event: 2.282 GC heap before
{Heap before GC invocations=6 (full 0):
 garbage-first heap   total 131072K, used 63744K [0x0000000081c00000, 0x0000000100000000)
  region size 1024K, 2 young (2048K), 1 survivors (1024K)
 Metaspace       used 12639K, committed 12864K, reserved 1064960K
  class space    used 1477K, committed 1600K, reserved 1048576K
}
Event: 2.283 GC heap after
{Heap after GC invocations=7 (full 0):
 garbage-first heap   total 131072K, used 26946K [0x0000000081c00000, 0x0000000100000000)
  region size 1024K, 1 young (1024K), 1 survivors (1024K)
 Metaspace       used 12639K, committed 12864K, reserved 1064960K
  class space    used 1477K, committed 1600K, reserved 1048576K
}
Event: 2.314 GC heap before
{Heap before GC invocations=7 (full 0):
 garbage-first heap   total 131072K, used 59714K [0x0000000081c00000, 0x0000000100000000)
  region size 1024K, 3 young (3072K), 1 survivors (1024K)
 Metaspace       used 12648K, committed 12864K, reserved 1064960K
  class space    used 1477K, committed 1600K, reserved 1048576K
}
Event: 2.316 GC heap after
{Heap after GC invocations=8 (full 0):
 garbage-first heap   total 131072K, used 58642K [0x0000000081c00000, 0x0000000100000000)
  region size 1024K, 1 young (1024K), 1 survivors (1024K)
 Metaspace       used 12648K, committed 12864K, reserved 1064960K
  class space    used 1477K, committed 1600K, reserved 1048576K
}
Event: 2.317 GC heap before
{Heap before GC invocations=8 (full 0):
 garbage-first heap   total 131072K, used 63762K [0x0000000081c00000, 0x0000000100000000)
  region size 1024K, 2 young (2048K), 1 survivors (1024K)
 Metaspace       used 12648K, committed 12864K, reserved 1064960K
  class space    used 1477K, committed 1600K, reserved 1048576K
}

